<?xml version="1.0" encoding="UTF-8"?>
<!-- Generated by org.testng.reporters.JUnitReportReporter -->
<testsuite hostname="ROSHAN" failures="0" tests="1" name="com.example.testing.day7.Testng" time="0.011" errors="0" timestamp="2023-06-02T10:35:48 IST" skipped="0">
  <testcase classname="com.example.testing.day7.Testng" name="f" time="0.011"/>
  <system-out/>
</testsuite> <!-- com.example.testing.day7.Testng -->
